[ 2017-04-08T15:39:43+08:00 ] ::1 /express/index.php/public/img/backgrounds/3.jpg
ERR: 无法加载模块:Public

[ 2017-04-08T15:39:43+08:00 ] ::1 /express/index.php/public/img/backgrounds/2.jpg
ERR: 无法加载模块:Public

[ 2017-04-08T15:39:43+08:00 ] ::1 /express/index.php/public/img/backgrounds/1.jpg
ERR: 无法加载模块:Public

[ 2017-04-08T15:39:49+08:00 ] ::1 /express/index.php/public/img/backgrounds/3.jpg
ERR: 无法加载模块:Public

[ 2017-04-08T15:39:49+08:00 ] ::1 /express/index.php/public/img/backgrounds/1.jpg
ERR: 无法加载模块:Public

[ 2017-04-08T15:39:49+08:00 ] ::1 /express/index.php/public/img/backgrounds/2.jpg
ERR: 无法加载模块:Public

[ 2017-04-08T15:39:49+08:00 ] ::1 /express/index.php/public/img/backgrounds/3.jpg
ERR: 无法加载模块:Public

[ 2017-04-08T15:39:49+08:00 ] ::1 /express/index.php/public/img/backgrounds/1.jpg
ERR: 无法加载模块:Public

[ 2017-04-08T15:39:49+08:00 ] ::1 /express/index.php/public/img/backgrounds/2.jpg
ERR: 无法加载模块:Public

[ 2017-04-08T15:39:50+08:00 ] ::1 /express/index.php/public/img/backgrounds/3.jpg
ERR: 无法加载模块:Public

[ 2017-04-08T15:39:50+08:00 ] ::1 /express/index.php/public/img/backgrounds/1.jpg
ERR: 无法加载模块:Public

[ 2017-04-08T15:39:50+08:00 ] ::1 /express/index.php/public/img/backgrounds/2.jpg
ERR: 无法加载模块:Public

[ 2017-04-08T15:39:50+08:00 ] ::1 /express/index.php/public/img/backgrounds/3.jpg
ERR: 无法加载模块:Public

[ 2017-04-08T15:39:50+08:00 ] ::1 /express/index.php/public/img/backgrounds/2.jpg
ERR: 无法加载模块:Public

[ 2017-04-08T15:39:50+08:00 ] ::1 /express/index.php/public/img/backgrounds/1.jpg
ERR: 无法加载模块:Public

[ 2017-04-08T15:39:51+08:00 ] ::1 /express/index.php/public/img/backgrounds/3.jpg
ERR: 无法加载模块:Public

[ 2017-04-08T15:39:51+08:00 ] ::1 /express/index.php/public/img/backgrounds/1.jpg
ERR: 无法加载模块:Public

[ 2017-04-08T15:39:51+08:00 ] ::1 /express/index.php/public/img/backgrounds/2.jpg
ERR: 无法加载模块:Public

[ 2017-04-08T16:43:37+08:00 ] ::1 /express/index.php/public/img/backgrounds/2.jpg
ERR: 无法加载模块:Public

[ 2017-04-08T16:43:37+08:00 ] ::1 /express/index.php/public/img/backgrounds/1.jpg
ERR: 无法加载模块:Public

[ 2017-04-08T16:44:11+08:00 ] ::1 /express/index.php/public/img/backgrounds/3.jpg
ERR: 无法加载模块:Public

[ 2017-04-08T16:44:11+08:00 ] ::1 /express/index.php/public/img/backgrounds/1.jpg
ERR: 无法加载模块:Public

[ 2017-04-08T16:44:11+08:00 ] ::1 /express/index.php/public/img/backgrounds/2.jpg
ERR: 无法加载模块:Public

[ 2017-04-08T16:44:12+08:00 ] ::1 /express/index.php/public/img/backgrounds/3.jpg
ERR: 无法加载模块:Public

[ 2017-04-08T16:44:12+08:00 ] ::1 /express/index.php/public/img/backgrounds/1.jpg
ERR: 无法加载模块:Public

[ 2017-04-08T16:44:12+08:00 ] ::1 /express/index.php/public/img/backgrounds/2.jpg
ERR: 无法加载模块:Public

[ 2017-04-08T16:44:14+08:00 ] ::1 /express/index.php/public/img/backgrounds/3.jpg
ERR: 无法加载模块:Public

[ 2017-04-08T16:44:14+08:00 ] ::1 /express/index.php/public/img/backgrounds/1.jpg
ERR: 无法加载模块:Public

[ 2017-04-08T16:44:14+08:00 ] ::1 /express/index.php/public/img/backgrounds/2.jpg
ERR: 无法加载模块:Public

[ 2017-04-08T16:44:14+08:00 ] ::1 /express/index.php/public/img/backgrounds/3.jpg
ERR: 无法加载模块:Public

[ 2017-04-08T16:44:14+08:00 ] ::1 /express/index.php/public/img/backgrounds/1.jpg
ERR: 无法加载模块:Public

[ 2017-04-08T16:44:14+08:00 ] ::1 /express/index.php/public/img/backgrounds/2.jpg
ERR: 无法加载模块:Public

[ 2017-04-08T16:44:14+08:00 ] ::1 /express/index.php/public/img/backgrounds/3.jpg
ERR: 无法加载模块:Public

[ 2017-04-08T16:44:14+08:00 ] ::1 /express/index.php/public/img/backgrounds/1.jpg
ERR: 无法加载模块:Public

[ 2017-04-08T16:44:14+08:00 ] ::1 /express/index.php/public/img/backgrounds/2.jpg
ERR: 无法加载模块:Public

[ 2017-04-08T16:46:53+08:00 ] ::1 /express/index.php/public/img/backgrounds/3.jpg
ERR: 无法加载模块:Public

[ 2017-04-08T16:46:53+08:00 ] ::1 /express/index.php/public/img/backgrounds/1.jpg
ERR: 无法加载模块:Public

[ 2017-04-08T16:46:53+08:00 ] ::1 /express/index.php/public/img/backgrounds/2.jpg
ERR: 无法加载模块:Public

[ 2017-04-08T16:46:54+08:00 ] ::1 /express/index.php/public/img/backgrounds/3.jpg
ERR: 无法加载模块:Public

[ 2017-04-08T16:46:54+08:00 ] ::1 /express/index.php/public/img/backgrounds/2.jpg
ERR: 无法加载模块:Public

[ 2017-04-08T16:46:54+08:00 ] ::1 /express/index.php/public/img/backgrounds/1.jpg
ERR: 无法加载模块:Public

[ 2017-04-08T16:54:07+08:00 ] ::1 /express/Public/login/login/images/banner.jpg
ERR: 无法加载模块:Public

[ 2017-04-08T16:54:07+08:00 ] ::1 /express/Public/login/login/images/banner.jpg
ERR: 无法加载模块:Public

[ 2017-04-08T16:54:08+08:00 ] ::1 /express/Public/login/login/images/banner.jpg
ERR: 无法加载模块:Public

[ 2017-04-08T16:54:08+08:00 ] ::1 /express/Public/login/login/images/banner.jpg
ERR: 无法加载模块:Public

[ 2017-04-08T16:54:08+08:00 ] ::1 /express/Public/login/login/images/banner.jpg
ERR: 无法加载模块:Public

[ 2017-04-08T16:54:50+08:00 ] ::1 /express/Public/login/login/images/banner.jpg
ERR: 无法加载模块:Public

[ 2017-04-08T16:54:51+08:00 ] ::1 /express/Public/login/login/images/banner.jpg
ERR: 无法加载模块:Public

[ 2017-04-08T16:55:06+08:00 ] ::1 /express/Public/login/login/images/banner.jpg
ERR: 无法加载模块:Public

[ 2017-04-08T16:55:09+08:00 ] ::1 /express/public/img/backgrounds/3.jpg
ERR: 无法加载模块:Public

[ 2017-04-08T16:55:09+08:00 ] ::1 /express/public/img/backgrounds/1.jpg
ERR: 无法加载模块:Public

[ 2017-04-08T16:55:09+08:00 ] ::1 /express/public/img/backgrounds/2.jpg
ERR: 无法加载模块:Public

[ 2017-04-08T16:55:09+08:00 ] ::1 /express/Public/img/progress.gif
ERR: 无法加载模块:Public

[ 2017-04-08T16:56:04+08:00 ] ::1 /express/Public/login/login/images/banner.jpg
ERR: 无法加载模块:Public

[ 2017-04-08T16:56:04+08:00 ] ::1 /express/Public/login/login/images/banner.jpg
ERR: 无法加载模块:Public

[ 2017-04-08T16:56:05+08:00 ] ::1 /express/Public/login/login/images/banner.jpg
ERR: 无法加载模块:Public

[ 2017-04-08T16:56:05+08:00 ] ::1 /express/Public/login/login/images/banner.jpg
ERR: 无法加载模块:Public

[ 2017-04-08T16:56:06+08:00 ] ::1 /express/Public/login/login/images/banner.jpg
ERR: 无法加载模块:Public

[ 2017-04-08T16:56:34+08:00 ] ::1 /express/Public/login/login/images/banner.jpg
ERR: 无法加载模块:Public

[ 2017-04-08T16:56:34+08:00 ] ::1 /express/Public/login/login/images/banner.jpg
ERR: 无法加载模块:Public

[ 2017-04-08T16:56:34+08:00 ] ::1 /express/Public/login/login/images/banner.jpg
ERR: 无法加载模块:Public

[ 2017-04-08T16:56:35+08:00 ] ::1 /express/Public/login/login/images/banner.jpg
ERR: 无法加载模块:Public

[ 2017-04-08T16:56:35+08:00 ] ::1 /express/Public/login/login/images/banner.jpg
ERR: 无法加载模块:Public

[ 2017-04-08T16:57:17+08:00 ] ::1 /express/Public/login/login/images/banner.jpg
ERR: 无法加载模块:Public

[ 2017-04-08T16:57:17+08:00 ] ::1 /express/Public/login/login/images/banner.jpg
ERR: 无法加载模块:Public

[ 2017-04-08T16:57:17+08:00 ] ::1 /express/Public/login/login/images/banner.jpg
ERR: 无法加载模块:Public

[ 2017-04-08T16:57:17+08:00 ] ::1 /express/Public/login/login/images/banner.jpg
ERR: 无法加载模块:Public

[ 2017-04-08T16:57:21+08:00 ] ::1 /express/Public/login/login/images/banner.jpg
ERR: 无法加载模块:Public

[ 2017-04-08T16:57:21+08:00 ] ::1 /express/Public/login/login/images/banner.jpg
ERR: 无法加载模块:Public

[ 2017-04-08T16:57:21+08:00 ] ::1 /express/Public/login/login/images/banner.jpg
ERR: 无法加载模块:Public

[ 2017-04-08T17:00:00+08:00 ] ::1 /express/Public/login/login/images/banner.jpg
ERR: 无法加载模块:Public

[ 2017-04-08T17:01:23+08:00 ] ::1 /express/Public/login/login/images/banner.jpg
ERR: 无法加载模块:Public

[ 2017-04-08T17:01:23+08:00 ] ::1 /express/Public/login/login/images/banner.jpg
ERR: 无法加载模块:Public

[ 2017-04-08T17:01:24+08:00 ] ::1 /express/Public/login/login/images/banner.jpg
ERR: 无法加载模块:Public

[ 2017-04-08T17:01:24+08:00 ] ::1 /express/Public/login/login/images/banner.jpg
ERR: 无法加载模块:Public

[ 2017-04-08T17:01:40+08:00 ] ::1 /express/Public/login/login/images/banner.jpg
ERR: 无法加载模块:Public

[ 2017-04-08T17:01:40+08:00 ] ::1 /express/Public/login/login/images/banner.jpg
ERR: 无法加载模块:Public

[ 2017-04-08T17:01:40+08:00 ] ::1 /express/Public/login/login/images/banner.jpg
ERR: 无法加载模块:Public

[ 2017-04-08T17:01:40+08:00 ] ::1 /express/Public/login/login/images/banner.jpg
ERR: 无法加载模块:Public

[ 2017-04-08T17:01:57+08:00 ] ::1 /express/Public/login/login/images/banner.jpg
ERR: 无法加载模块:Public

[ 2017-04-08T17:01:57+08:00 ] ::1 /express/Public/login/login/images/banner.jpg
ERR: 无法加载模块:Public

[ 2017-04-08T17:01:57+08:00 ] ::1 /express/Public/login/login/images/banner.jpg
ERR: 无法加载模块:Public

[ 2017-04-08T17:05:19+08:00 ] ::1 /express/Public/login/login/images/banner.jpg
ERR: 无法加载模块:Public

[ 2017-04-08T17:13:20+08:00 ] ::1 /express/index.php/public/img/backgrounds/3.jpg
ERR: 无法加载模块:Public

[ 2017-04-08T17:13:20+08:00 ] ::1 /express/index.php/public/img/backgrounds/1.jpg
ERR: 无法加载模块:Public

[ 2017-04-08T17:13:20+08:00 ] ::1 /express/index.php/public/img/backgrounds/2.jpg
ERR: 无法加载模块:Public

[ 2017-04-08T17:13:20+08:00 ] ::1 /express/index.php/public/img/backgrounds/3.jpg
ERR: 无法加载模块:Public

[ 2017-04-08T17:13:20+08:00 ] ::1 /express/index.php/public/img/backgrounds/1.jpg
ERR: 无法加载模块:Public

[ 2017-04-08T17:13:20+08:00 ] ::1 /express/index.php/public/img/backgrounds/2.jpg
ERR: 无法加载模块:Public

[ 2017-04-08T17:14:29+08:00 ] ::1 /express/index.php/public/img/backgrounds/2.jpg
ERR: 无法加载模块:Public

[ 2017-04-08T17:14:29+08:00 ] ::1 /express/index.php/public/img/backgrounds/1.jpg
ERR: 无法加载模块:Public

[ 2017-04-08T17:14:29+08:00 ] ::1 /express/index.php/public/img/backgrounds/3.jpg
ERR: 无法加载模块:Public

[ 2017-04-08T17:14:54+08:00 ] ::1 /express/index.php/public/img/backgrounds/2.jpg
ERR: 无法加载模块:Public

[ 2017-04-08T17:14:54+08:00 ] ::1 /express/index.php/public/img/backgrounds/3.jpg
ERR: 无法加载模块:Public

[ 2017-04-08T17:14:54+08:00 ] ::1 /express/index.php/public/img/backgrounds/1.jpg
ERR: 无法加载模块:Public

[ 2017-04-08T17:14:54+08:00 ] ::1 /express/index.php/public/img/backgrounds/1.jpg
ERR: 无法加载模块:Public

[ 2017-04-08T17:14:54+08:00 ] ::1 /express/index.php/public/img/backgrounds/2.jpg
ERR: 无法加载模块:Public

[ 2017-04-08T17:14:54+08:00 ] ::1 /express/index.php/public/img/backgrounds/3.jpg
ERR: 无法加载模块:Public

[ 2017-04-08T17:15:56+08:00 ] ::1 /express/index.php/public/img/backgrounds/3.jpg
ERR: 无法加载模块:Public

[ 2017-04-08T17:15:56+08:00 ] ::1 /express/index.php/public/img/backgrounds/1.jpg
ERR: 无法加载模块:Public

[ 2017-04-08T17:15:56+08:00 ] ::1 /express/index.php/public/img/backgrounds/2.jpg
ERR: 无法加载模块:Public

[ 2017-04-08T17:15:56+08:00 ] ::1 /express/index.php/public/img/backgrounds/3.jpg
ERR: 无法加载模块:Public

[ 2017-04-08T17:15:56+08:00 ] ::1 /express/index.php/public/img/backgrounds/2.jpg
ERR: 无法加载模块:Public

[ 2017-04-08T17:15:56+08:00 ] ::1 /express/index.php/public/img/backgrounds/1.jpg
ERR: 无法加载模块:Public

[ 2017-04-08T17:50:25+08:00 ] ::1 /express/index.php/public/img/backgrounds/2.jpg
ERR: 无法加载模块:Public

[ 2017-04-08T17:50:25+08:00 ] ::1 /express/index.php/public/img/backgrounds/1.jpg
ERR: 无法加载模块:Public

[ 2017-04-08T17:50:25+08:00 ] ::1 /express/index.php/public/img/backgrounds/3.jpg
ERR: 无法加载模块:Public

[ 2017-04-08T17:52:33+08:00 ] ::1 /express/public/img/backgrounds/1.jpg
ERR: 无法加载模块:Public

[ 2017-04-08T17:52:33+08:00 ] ::1 /express/public/img/backgrounds/3.jpg
ERR: 无法加载模块:Public

[ 2017-04-08T17:52:33+08:00 ] ::1 /express/public/img/backgrounds/2.jpg
ERR: 无法加载模块:Public

[ 2017-04-08T17:52:33+08:00 ] ::1 /express/Public/img/progress.gif
ERR: 无法加载模块:Public

[ 2017-04-08T17:53:04+08:00 ] ::1 /express/index.php/public/img/backgrounds/1.jpg
ERR: 无法加载模块:Public

[ 2017-04-08T17:53:04+08:00 ] ::1 /express/index.php/public/img/backgrounds/3.jpg
ERR: 无法加载模块:Public

[ 2017-04-08T17:53:04+08:00 ] ::1 /express/index.php/public/img/backgrounds/2.jpg
ERR: 无法加载模块:Public

[ 2017-04-08T18:14:13+08:00 ] ::1 /express/Public/img/progress.gif
ERR: 无法加载模块:Public

[ 2017-04-08T18:14:13+08:00 ] ::1 /express/public/img/backgrounds/3.jpg
ERR: 无法加载模块:Public

[ 2017-04-08T18:14:13+08:00 ] ::1 /express/public/img/backgrounds/1.jpg
ERR: 无法加载模块:Public

[ 2017-04-08T18:14:27+08:00 ] ::1 /express/index.php/public/img/backgrounds/3.jpg
ERR: 无法加载模块:Public

[ 2017-04-08T18:14:27+08:00 ] ::1 /express/index.php/public/img/backgrounds/2.jpg
ERR: 无法加载模块:Public

[ 2017-04-08T18:14:27+08:00 ] ::1 /express/index.php/public/img/backgrounds/1.jpg
ERR: 无法加载模块:Public

