[ 2018-04-01T20:33:57+08:00 ] ::1 /express/index.php/amdin
ERR: 无法加载模块:Amdin

[ 2018-04-01T20:39:40+08:00 ] ::1 /express/index.php/public/img/backgrounds/3.jpg
ERR: 无法加载模块:Public

[ 2018-04-01T20:39:40+08:00 ] ::1 /express/index.php/public/img/backgrounds/1.jpg
ERR: 无法加载模块:Public

[ 2018-04-01T20:39:40+08:00 ] ::1 /express/index.php/public/img/backgrounds/2.jpg
ERR: 无法加载模块:Public

[ 2018-04-01T20:42:55+08:00 ] ::1 /express/index.php/public/img/backgrounds/3.jpg
ERR: 无法加载模块:Public

[ 2018-04-01T20:42:55+08:00 ] ::1 /express/index.php/public/img/backgrounds/1.jpg
ERR: 无法加载模块:Public

[ 2018-04-01T20:42:55+08:00 ] ::1 /express/index.php/public/img/backgrounds/2.jpg
ERR: 无法加载模块:Public

[ 2018-04-01T20:49:15+08:00 ] ::1 /express/Public/img/dclogo.gif
ERR: 无法加载模块:Public

[ 2018-04-01T20:50:58+08:00 ] ::1 /express/Public/js/jquery-1.10.2.min.map
ERR: 无法加载模块:Public

[ 2018-04-01T20:53:33+08:00 ] ::1 /express/Public/img/dclogo.gif
ERR: 无法加载模块:Public

[ 2018-04-01T20:53:33+08:00 ] ::1 /express/Public/js/jquery-1.10.2.min.map
ERR: 无法加载模块:Public

[ 2018-04-01T20:53:33+08:00 ] ::1 /express/Public/img/dclogo.gif
ERR: 无法加载模块:Public

