[ 2017-04-08T15:35:16+08:00 ] ::1 /express/admin
ERR: 无法加载控制器:Index

[ 2017-04-08T15:35:40+08:00 ] ::1 /express/index.php/admin
ERR: 无法加载控制器:Index

[ 2017-04-08T18:14:38+08:00 ] ::1 /express/index.php/Admin/Index/login
INFO: [ app_begin ] --START--
INFO: Run Behavior\ReadHtmlCacheBehavior [ RunTime:0.001404s ]
INFO: [ app_begin ] --END-- [ RunTime:0.002140s ]
SQL: SHOW COLUMNS FROM `ep_admin` [ RunTime:0.0054s ]
SQL: SELECT * FROM `ep_admin` WHERE ( name='admin' AND password='123' ) LIMIT 1   [ RunTime:0.0005s ]
INFO: [ app_end ] --START--
INFO: Run Behavior\ShowPageTraceBehavior [ RunTime:0.001684s ]
INFO: [ app_end ] --END-- [ RunTime:0.001841s ]

[ 2017-04-08T18:22:41+08:00 ] ::1 /express/index.php/Admin/Index/login
INFO: [ app_begin ] --START--
INFO: Run Behavior\ReadHtmlCacheBehavior [ RunTime:0.001319s ]
INFO: [ app_begin ] --END-- [ RunTime:0.001994s ]
SQL: SHOW COLUMNS FROM `ep_admin` [ RunTime:0.0798s ]
SQL: SELECT * FROM `ep_admin` WHERE ( name='admin' AND password='123' ) LIMIT 1   [ RunTime:0.0005s ]
INFO: [ app_end ] --START--
INFO: Run Behavior\ShowPageTraceBehavior [ RunTime:0.002131s ]
INFO: [ app_end ] --END-- [ RunTime:0.002314s ]

[ 2017-04-08T20:10:02+08:00 ] ::1 /express/index.php/Admin/Notice/noticeAdd
INFO: [ app_begin ] --START--
INFO: Run Behavior\ReadHtmlCacheBehavior [ RunTime:0.001489s ]
INFO: [ app_begin ] --END-- [ RunTime:0.002258s ]
ERR: 参数错误或者未定义:name

[ 2017-04-08T20:10:03+08:00 ] ::1 /express/index.php/Admin/Notice/noticeAdd
INFO: [ app_begin ] --START--
INFO: Run Behavior\ReadHtmlCacheBehavior [ RunTime:0.001047s ]
INFO: [ app_begin ] --END-- [ RunTime:0.001648s ]
ERR: 参数错误或者未定义:name

[ 2017-04-08T20:10:18+08:00 ] ::1 /express/index.php/Admin/Notice/noticeAdd
INFO: [ app_begin ] --START--
INFO: Run Behavior\ReadHtmlCacheBehavior [ RunTime:0.001166s ]
INFO: [ app_begin ] --END-- [ RunTime:0.001783s ]
ERR: 参数错误或者未定义:name

[ 2017-04-08T20:17:57+08:00 ] ::1 /express/index.php/Admin/Notice/noticeAdd
INFO: [ app_begin ] --START--
INFO: Run Behavior\ReadHtmlCacheBehavior [ RunTime:0.000775s ]
INFO: [ app_begin ] --END-- [ RunTime:0.001246s ]
NOTIC: [8] Undefined variable: info F:\phpStudy\WWW\express\Application\Admin\Controller\NoticeController.class.php 第 19 行.
NOTIC: [8] Use of undefined constant JSON_UNESCAPED_UNICODE - assumed 'JSON_UNESCAPED_UNICODE' F:\phpStudy\WWW\express\Application\Admin\Controller\NoticeController.class.php 第 24 行.
NOTIC: [2] json_encode() expects parameter 2 to be long, string given F:\phpStudy\WWW\express\Application\Admin\Controller\NoticeController.class.php 第 24 行.
INFO: [ app_end ] --START--
INFO: Run Behavior\ShowPageTraceBehavior [ RunTime:0.000804s ]
INFO: [ app_end ] --END-- [ RunTime:0.000925s ]

[ 2017-04-08T20:18:58+08:00 ] ::1 /express/index.php/Admin/Notice/noticeAdd
INFO: [ app_begin ] --START--
INFO: Run Behavior\ReadHtmlCacheBehavior [ RunTime:0.001557s ]
INFO: [ app_begin ] --END-- [ RunTime:0.002309s ]
NOTIC: [8] Undefined variable: info F:\phpStudy\WWW\express\Application\Admin\Controller\NoticeController.class.php 第 19 行.
NOTIC: [8] Use of undefined constant JSON_UNESCAPED_UNICODE - assumed 'JSON_UNESCAPED_UNICODE' F:\phpStudy\WWW\express\Application\Admin\Controller\NoticeController.class.php 第 24 行.
NOTIC: [2] json_encode() expects parameter 2 to be long, string given F:\phpStudy\WWW\express\Application\Admin\Controller\NoticeController.class.php 第 24 行.
INFO: [ app_end ] --START--
INFO: Run Behavior\ShowPageTraceBehavior [ RunTime:0.001746s ]
INFO: [ app_end ] --END-- [ RunTime:0.001910s ]

[ 2017-04-08T20:20:21+08:00 ] ::1 /express/index.php/Admin/Notice/noticeAdd
INFO: [ app_begin ] --START--
INFO: Run Behavior\ReadHtmlCacheBehavior [ RunTime:0.000588s ]
INFO: [ app_begin ] --END-- [ RunTime:0.001075s ]
SQL: SHOW COLUMNS FROM `ep_notice` [ RunTime:0.0054s ]
NOTIC: [8] Undefined index: validate F:\phpStudy\WWW\express\ThinkPHP\Library\Think\Model.class.php 第 1185 行.
NOTIC: [8] Undefined index: auto F:\phpStudy\WWW\express\ThinkPHP\Library\Think\Model.class.php 第 1128 行.
SQL: INSERT INTO `ep_notice` (`title`,`notice`,`author`,`create_at`,`update_at`) VALUES ('123','123123','admin','2017-04-08 20:20:21','2017-04-08 20:20:21') [ RunTime:0.0008s ]
SQL: SELECT * FROM `ep_notice` WHERE ( id='1' ) LIMIT 1   [ RunTime:0.0004s ]
INFO: [ app_end ] --START--
INFO: Run Behavior\ShowPageTraceBehavior [ RunTime:0.000982s ]
INFO: [ app_end ] --END-- [ RunTime:0.001076s ]

[ 2017-04-08T21:45:15+08:00 ] ::1 /express/index.php/Admin/Editnotice/noticeEdit
INFO: [ app_begin ] --START--
INFO: Run Behavior\ReadHtmlCacheBehavior [ RunTime:0.001081s ]
INFO: [ app_begin ] --END-- [ RunTime:0.001677s ]
SQL: SHOW COLUMNS FROM `ep_notice` [ RunTime:0.5649s ]
SQL: UPDATE `ep_notice` SET `title`='123121',`notice`='1231231212' WHERE `id` = 1 [ RunTime:0.0189s ]
INFO: [ app_end ] --START--
INFO: Run Behavior\ShowPageTraceBehavior [ RunTime:0.002103s ]
INFO: [ app_end ] --END-- [ RunTime:0.002254s ]

[ 2017-04-08T21:45:15+08:00 ] ::1 /express/index.php/Admin/Editnotice/noticeEdit
INFO: [ app_begin ] --START--
INFO: Run Behavior\ReadHtmlCacheBehavior [ RunTime:0.001751s ]
INFO: [ app_begin ] --END-- [ RunTime:0.002657s ]
SQL: SHOW COLUMNS FROM `ep_notice` [ RunTime:0.0056s ]
SQL: UPDATE `ep_notice` SET `title`='123121',`notice`='1231231212' WHERE `id` = 1 [ RunTime:0.0004s ]
INFO: [ app_end ] --START--
INFO: Run Behavior\ShowPageTraceBehavior [ RunTime:0.001709s ]
INFO: [ app_end ] --END-- [ RunTime:0.001825s ]

[ 2017-04-08T21:45:15+08:00 ] ::1 /express/index.php/Admin/Editnotice/noticeEdit
INFO: [ app_begin ] --START--
INFO: Run Behavior\ReadHtmlCacheBehavior [ RunTime:0.001039s ]
INFO: [ app_begin ] --END-- [ RunTime:0.001595s ]
SQL: SHOW COLUMNS FROM `ep_notice` [ RunTime:0.0048s ]
SQL: UPDATE `ep_notice` SET `title`='123121',`notice`='1231231212' WHERE `id` = 1 [ RunTime:0.0003s ]
INFO: [ app_end ] --START--
INFO: Run Behavior\ShowPageTraceBehavior [ RunTime:0.001240s ]
INFO: [ app_end ] --END-- [ RunTime:0.001319s ]

[ 2017-04-08T23:07:20+08:00 ] ::1 /express/index.php/Admin/Express/expressAdd
INFO: [ app_begin ] --START--
INFO: Run Behavior\ReadHtmlCacheBehavior [ RunTime:0.002001s ]
INFO: [ app_begin ] --END-- [ RunTime:0.003234s ]
ERR: 参数错误或者未定义:jaddress

[ 2017-04-08T23:07:42+08:00 ] ::1 /express/index.php/Admin/Express/expressAdd
INFO: [ app_begin ] --START--
INFO: Run Behavior\ReadHtmlCacheBehavior [ RunTime:0.000860s ]
INFO: [ app_begin ] --END-- [ RunTime:0.001389s ]
ERR: 参数错误或者未定义:jaddress

[ 2017-04-08T23:07:51+08:00 ] ::1 /express/index.php/Admin/Express/expressAdd
INFO: [ app_begin ] --START--
INFO: Run Behavior\ReadHtmlCacheBehavior [ RunTime:0.000503s ]
INFO: [ app_begin ] --END-- [ RunTime:0.000868s ]
ERR: 参数错误或者未定义:jaddress

[ 2017-04-08T23:08:46+08:00 ] ::1 /express/index.php/Admin/Express/expressAdd
INFO: [ app_begin ] --START--
INFO: Run Behavior\ReadHtmlCacheBehavior [ RunTime:0.000575s ]
INFO: [ app_begin ] --END-- [ RunTime:0.000993s ]
ERR: 参数错误或者未定义:jaddress

[ 2017-04-08T23:09:05+08:00 ] ::1 /express/index.php/Admin/Express/expressAdd
INFO: [ app_begin ] --START--
INFO: Run Behavior\ReadHtmlCacheBehavior [ RunTime:0.000521s ]
INFO: [ app_begin ] --END-- [ RunTime:0.000896s ]
ERR: 参数错误或者未定义:jaddress

[ 2017-04-08T23:09:46+08:00 ] ::1 /express/index.php/Admin/Express/expressAdd
INFO: [ app_begin ] --START--
INFO: Run Behavior\ReadHtmlCacheBehavior [ RunTime:0.001246s ]
INFO: [ app_begin ] --END-- [ RunTime:0.002056s ]
ERR: 参数错误或者未定义:jaddress

[ 2017-04-08T23:12:36+08:00 ] ::1 /express/index.php/Admin/Express/expressAdd
INFO: [ app_begin ] --START--
INFO: Run Behavior\ReadHtmlCacheBehavior [ RunTime:0.001208s ]
INFO: [ app_begin ] --END-- [ RunTime:0.001972s ]
ERR: 参数错误或者未定义:jaddress

[ 2017-04-08T23:13:23+08:00 ] ::1 /express/index.php/Admin/Express/expressAdd
INFO: [ app_begin ] --START--
INFO: Run Behavior\ReadHtmlCacheBehavior [ RunTime:0.000544s ]
INFO: [ app_begin ] --END-- [ RunTime:0.000905s ]
ERR: 参数错误或者未定义:jaddress

[ 2017-04-08T23:13:56+08:00 ] ::1 /express/index.php/Admin/Express/expressAdd
INFO: [ app_begin ] --START--
INFO: Run Behavior\ReadHtmlCacheBehavior [ RunTime:0.000572s ]
INFO: [ app_begin ] --END-- [ RunTime:0.000983s ]
ERR: 参数错误或者未定义:jaddress

[ 2017-04-08T23:16:42+08:00 ] ::1 /express/index.php/Admin/Express/expressAdd
INFO: [ app_begin ] --START--
INFO: Run Behavior\ReadHtmlCacheBehavior [ RunTime:0.000781s ]
INFO: [ app_begin ] --END-- [ RunTime:0.001262s ]
ERR: 参数错误或者未定义:jaddress

[ 2017-04-08T23:16:44+08:00 ] ::1 /express/index.php/Admin/Express/expressAdd
INFO: [ app_begin ] --START--
INFO: Run Behavior\ReadHtmlCacheBehavior [ RunTime:0.000757s ]
INFO: [ app_begin ] --END-- [ RunTime:0.001299s ]
ERR: 参数错误或者未定义:jaddress

[ 2017-04-08T23:17:00+08:00 ] ::1 /express/index.php/Admin/Express/expressAdd
INFO: [ app_begin ] --START--
INFO: Run Behavior\ReadHtmlCacheBehavior [ RunTime:0.000968s ]
INFO: [ app_begin ] --END-- [ RunTime:0.001663s ]
ERR: 参数错误或者未定义:jaddress

[ 2017-04-08T23:17:13+08:00 ] ::1 /express/index.php/Admin/Express/expressAdd
INFO: [ app_begin ] --START--
INFO: Run Behavior\ReadHtmlCacheBehavior [ RunTime:0.001438s ]
INFO: [ app_begin ] --END-- [ RunTime:0.002135s ]
ERR: 参数错误或者未定义:jaddress

[ 2017-04-08T23:17:20+08:00 ] ::1 /express/index.php/Admin/Express/expressAdd
INFO: [ app_begin ] --START--
INFO: Run Behavior\ReadHtmlCacheBehavior [ RunTime:0.000819s ]
INFO: [ app_begin ] --END-- [ RunTime:0.001413s ]
ERR: 参数错误或者未定义:jaddress

[ 2017-04-08T23:17:28+08:00 ] ::1 /express/index.php/Admin/Express/expressAdd
INFO: [ app_begin ] --START--
INFO: Run Behavior\ReadHtmlCacheBehavior [ RunTime:0.000662s ]
INFO: [ app_begin ] --END-- [ RunTime:0.001066s ]
ERR: 参数错误或者未定义:jaddress

[ 2017-04-08T23:17:37+08:00 ] ::1 /express/index.php/Admin/Express/expressAdd
INFO: [ app_begin ] --START--
INFO: Run Behavior\ReadHtmlCacheBehavior [ RunTime:0.001694s ]
INFO: [ app_begin ] --END-- [ RunTime:0.002586s ]
ERR: 参数错误或者未定义:jaddress

[ 2017-04-08T23:17:47+08:00 ] ::1 /express/index.php/Admin/Express/expressAdd
INFO: [ app_begin ] --START--
INFO: Run Behavior\ReadHtmlCacheBehavior [ RunTime:0.001676s ]
INFO: [ app_begin ] --END-- [ RunTime:0.002554s ]
ERR: 参数错误或者未定义:jaddress

[ 2017-04-08T23:17:51+08:00 ] ::1 /express/index.php/Admin/Express/expressAdd
INFO: [ app_begin ] --START--
INFO: Run Behavior\ReadHtmlCacheBehavior [ RunTime:0.001093s ]
INFO: [ app_begin ] --END-- [ RunTime:0.001620s ]
ERR: 参数错误或者未定义:jaddress

[ 2017-04-08T23:17:56+08:00 ] ::1 /express/index.php/Admin/Express/expressAdd
INFO: [ app_begin ] --START--
INFO: Run Behavior\ReadHtmlCacheBehavior [ RunTime:0.001129s ]
INFO: [ app_begin ] --END-- [ RunTime:0.001726s ]
ERR: 参数错误或者未定义:jaddress

[ 2017-04-08T23:18:11+08:00 ] ::1 /express/index.php/Admin/Express/expressAdd
INFO: [ app_begin ] --START--
INFO: Run Behavior\ReadHtmlCacheBehavior [ RunTime:0.000541s ]
INFO: [ app_begin ] --END-- [ RunTime:0.000961s ]
ERR: 参数错误或者未定义:jaddress

[ 2017-04-08T23:18:17+08:00 ] ::1 /express/index.php/Admin/Express/expressAdd
INFO: [ app_begin ] --START--
INFO: Run Behavior\ReadHtmlCacheBehavior [ RunTime:0.000773s ]
INFO: [ app_begin ] --END-- [ RunTime:0.001680s ]
ERR: 参数错误或者未定义:jaddress

[ 2017-04-08T23:18:32+08:00 ] ::1 /express/index.php/Admin/Express/expressAdd
INFO: [ app_begin ] --START--
INFO: Run Behavior\ReadHtmlCacheBehavior [ RunTime:0.000582s ]
INFO: [ app_begin ] --END-- [ RunTime:0.000992s ]
ERR: 参数错误或者未定义:jaddress

[ 2017-04-08T23:18:45+08:00 ] ::1 /express/index.php/Admin/Express/expressAdd
INFO: [ app_begin ] --START--
INFO: Run Behavior\ReadHtmlCacheBehavior [ RunTime:0.001108s ]
INFO: [ app_begin ] --END-- [ RunTime:0.001834s ]
ERR: 参数错误或者未定义:jaddress

[ 2017-04-08T23:19:01+08:00 ] ::1 /express/index.php/Admin/Express/expressAdd
INFO: [ app_begin ] --START--
INFO: Run Behavior\ReadHtmlCacheBehavior [ RunTime:0.000806s ]
INFO: [ app_begin ] --END-- [ RunTime:0.001394s ]
ERR: 参数错误或者未定义:jaddress

[ 2017-04-08T23:19:12+08:00 ] ::1 /express/index.php/Admin/Express/expressAdd
INFO: [ app_begin ] --START--
INFO: Run Behavior\ReadHtmlCacheBehavior [ RunTime:0.000568s ]
INFO: [ app_begin ] --END-- [ RunTime:0.000962s ]
ERR: 参数错误或者未定义:jaddress

[ 2017-04-08T23:19:26+08:00 ] ::1 /express/index.php/Admin/Express/expressAdd
INFO: [ app_begin ] --START--
INFO: Run Behavior\ReadHtmlCacheBehavior [ RunTime:0.001047s ]
INFO: [ app_begin ] --END-- [ RunTime:0.001601s ]
ERR: 参数错误或者未定义:jaddress

[ 2017-04-08T23:19:49+08:00 ] ::1 /express/index.php/Admin/Express/expressAdd
INFO: [ app_begin ] --START--
INFO: Run Behavior\ReadHtmlCacheBehavior [ RunTime:0.001000s ]
INFO: [ app_begin ] --END-- [ RunTime:0.001563s ]
ERR: 参数错误或者未定义:jaddress

[ 2017-04-08T23:19:59+08:00 ] ::1 /express/index.php/Admin/Express/expressAdd
INFO: [ app_begin ] --START--
INFO: Run Behavior\ReadHtmlCacheBehavior [ RunTime:0.000902s ]
INFO: [ app_begin ] --END-- [ RunTime:0.001523s ]
ERR: 参数错误或者未定义:jaddress

[ 2017-04-08T23:20:03+08:00 ] ::1 /express/index.php/Admin/Express/expressAdd
INFO: [ app_begin ] --START--
INFO: Run Behavior\ReadHtmlCacheBehavior [ RunTime:0.000568s ]
INFO: [ app_begin ] --END-- [ RunTime:0.001020s ]
ERR: 参数错误或者未定义:jaddress

[ 2017-04-08T23:20:07+08:00 ] ::1 /express/index.php/Admin/Express/expressAdd
INFO: [ app_begin ] --START--
INFO: Run Behavior\ReadHtmlCacheBehavior [ RunTime:0.000947s ]
INFO: [ app_begin ] --END-- [ RunTime:0.001563s ]
ERR: 参数错误或者未定义:jaddress

[ 2017-04-08T23:20:53+08:00 ] ::1 /express/index.php/Admin/Express/expressAdd
INFO: [ app_begin ] --START--
INFO: Run Behavior\ReadHtmlCacheBehavior [ RunTime:0.000569s ]
INFO: [ app_begin ] --END-- [ RunTime:0.001014s ]
ERR: 参数错误或者未定义:jaddress

[ 2017-04-08T23:20:59+08:00 ] ::1 /express/index.php/Admin/Express/expressAdd
INFO: [ app_begin ] --START--
INFO: Run Behavior\ReadHtmlCacheBehavior [ RunTime:0.001145s ]
INFO: [ app_begin ] --END-- [ RunTime:0.001725s ]
ERR: 参数错误或者未定义:jaddress

[ 2017-04-08T23:21:04+08:00 ] ::1 /express/index.php/Admin/Express/expressAdd
INFO: [ app_begin ] --START--
INFO: Run Behavior\ReadHtmlCacheBehavior [ RunTime:0.000546s ]
INFO: [ app_begin ] --END-- [ RunTime:0.000933s ]
ERR: 参数错误或者未定义:jaddress

[ 2017-04-08T23:21:34+08:00 ] ::1 /express/index.php/Admin/Express/expressAdd
INFO: [ app_begin ] --START--
INFO: Run Behavior\ReadHtmlCacheBehavior [ RunTime:0.001060s ]
INFO: [ app_begin ] --END-- [ RunTime:0.001821s ]
ERR: 参数错误或者未定义:jaddress

[ 2017-04-08T23:21:56+08:00 ] ::1 /express/index.php/Admin/Express/expressAdd
INFO: [ app_begin ] --START--
INFO: Run Behavior\ReadHtmlCacheBehavior [ RunTime:0.000567s ]
INFO: [ app_begin ] --END-- [ RunTime:0.001226s ]
ERR: 参数错误或者未定义:jaddress

[ 2017-04-08T23:22:09+08:00 ] ::1 /express/index.php/Admin/Express/expressAdd
INFO: [ app_begin ] --START--
INFO: Run Behavior\ReadHtmlCacheBehavior [ RunTime:0.001011s ]
INFO: [ app_begin ] --END-- [ RunTime:0.001511s ]
ERR: 参数错误或者未定义:jaddress

[ 2017-04-08T23:26:21+08:00 ] ::1 /express/index.php/Admin/Express/expressAdd
INFO: [ app_begin ] --START--
INFO: Run Behavior\ReadHtmlCacheBehavior [ RunTime:0.000986s ]
INFO: [ app_begin ] --END-- [ RunTime:0.001479s ]
ERR: 参数错误或者未定义:jaddress

[ 2017-04-08T23:28:01+08:00 ] ::1 /express/index.php/Admin/Express/expressAdd
INFO: [ app_begin ] --START--
INFO: Run Behavior\ReadHtmlCacheBehavior [ RunTime:0.001570s ]
INFO: [ app_begin ] --END-- [ RunTime:0.002348s ]
ERR: 参数错误或者未定义:jaddress

[ 2017-04-08T23:28:20+08:00 ] ::1 /express/index.php/Admin/Express/expressAdd
INFO: [ app_begin ] --START--
INFO: Run Behavior\ReadHtmlCacheBehavior [ RunTime:0.001154s ]
INFO: [ app_begin ] --END-- [ RunTime:0.001713s ]
ERR: 参数错误或者未定义:jaddress

[ 2017-04-08T23:29:13+08:00 ] ::1 /express/index.php/Admin/Express/expressAdd
INFO: [ app_begin ] --START--
INFO: Run Behavior\ReadHtmlCacheBehavior [ RunTime:0.000997s ]
INFO: [ app_begin ] --END-- [ RunTime:0.001467s ]
ERR: 参数错误或者未定义:jaddress

[ 2017-04-08T23:44:29+08:00 ] ::1 /express/index.php/Admin/Editcar?id=1
ERR: 无法加载控制器:Editcar

[ 2017-04-08T23:59:04+08:00 ] ::1 /express/index.php/Admin/Editcar?id=1
ERR: 1146:Table 'express.ep_person' doesn't exist
 [ SQL语句 ] : SHOW COLUMNS FROM `ep_person`

[ 2017-04-08T23:59:05+08:00 ] ::1 /express/index.php/Admin/Editcar?id=1
ERR: 1146:Table 'express.ep_person' doesn't exist
 [ SQL语句 ] : SHOW COLUMNS FROM `ep_person`

[ 2017-04-08T23:59:05+08:00 ] ::1 /express/index.php/Admin/Editcar?id=1
ERR: 1146:Table 'express.ep_person' doesn't exist
 [ SQL语句 ] : SHOW COLUMNS FROM `ep_person`

