[ 2018-05-17T09:59:01+08:00 ] ::1 /express/index.php/Admin/Index/login
INFO: [ app_begin ] --START--
INFO: Run Behavior\ReadHtmlCacheBehavior [ RunTime:0.000469s ]
INFO: [ app_begin ] --END-- [ RunTime:0.000871s ]
SQL: SHOW COLUMNS FROM `ep_admin` [ RunTime:0.0049s ]
SQL: SELECT * FROM `ep_admin` WHERE ( name='admin' AND password='123456' ) LIMIT 1   [ RunTime:0.0005s ]
INFO: [ app_end ] --START--
INFO: Run Behavior\ShowPageTraceBehavior [ RunTime:0.000641s ]
INFO: [ app_end ] --END-- [ RunTime:0.000701s ]

[ 2018-05-17T09:59:58+08:00 ] ::1 /express/index.php/Admin/Index/login
INFO: [ app_begin ] --START--
INFO: Run Behavior\ReadHtmlCacheBehavior [ RunTime:0.000504s ]
INFO: [ app_begin ] --END-- [ RunTime:0.000911s ]
SQL: SHOW COLUMNS FROM `ep_admin` [ RunTime:0.0006s ]
SQL: SELECT * FROM `ep_admin` WHERE ( name='admin' AND password='123' ) LIMIT 1   [ RunTime:0.0004s ]
INFO: [ app_end ] --START--
INFO: Run Behavior\ShowPageTraceBehavior [ RunTime:0.001553s ]
INFO: [ app_end ] --END-- [ RunTime:0.001727s ]

[ 2018-05-17T10:00:13+08:00 ] ::1 /express/index.php/Admin/Position/positionAdd
INFO: [ app_begin ] --START--
INFO: Run Behavior\ReadHtmlCacheBehavior [ RunTime:0.000528s ]
INFO: [ app_begin ] --END-- [ RunTime:0.001004s ]
SQL: SHOW COLUMNS FROM `ep_position` [ RunTime:0.0007s ]
NOTIC: [8] Undefined index: validate /Applications/MAMP/htdocs/express/ThinkPHP/Library/Think/Model.class.php 第 1185 行.
NOTIC: [8] Undefined index: auto /Applications/MAMP/htdocs/express/ThinkPHP/Library/Think/Model.class.php 第 1128 行.
SQL: INSERT INTO `ep_position` (`name`,`info`) VALUES ('123','123') [ RunTime:0.0005s ]
SQL: SELECT * FROM `ep_position` WHERE ( id='1' ) LIMIT 1   [ RunTime:0.0005s ]
INFO: [ app_end ] --START--
INFO: Run Behavior\ShowPageTraceBehavior [ RunTime:0.000871s ]
INFO: [ app_end ] --END-- [ RunTime:0.000926s ]

[ 2018-05-17T10:00:17+08:00 ] ::1 /express/index.php/Admin/Position/positionAdd
INFO: [ app_begin ] --START--
INFO: Run Behavior\ReadHtmlCacheBehavior [ RunTime:0.000375s ]
INFO: [ app_begin ] --END-- [ RunTime:0.000645s ]
SQL: SHOW COLUMNS FROM `ep_position` [ RunTime:0.0005s ]
NOTIC: [8] Undefined index: validate /Applications/MAMP/htdocs/express/ThinkPHP/Library/Think/Model.class.php 第 1185 行.
NOTIC: [8] Undefined index: auto /Applications/MAMP/htdocs/express/ThinkPHP/Library/Think/Model.class.php 第 1128 行.
SQL: INSERT INTO `ep_position` (`name`,`info`) VALUES ('123','123') [ RunTime:0.0003s ]
SQL: SELECT * FROM `ep_position` WHERE ( id='2' ) LIMIT 1   [ RunTime:0.0002s ]
INFO: [ app_end ] --START--
INFO: Run Behavior\ShowPageTraceBehavior [ RunTime:0.000599s ]
INFO: [ app_end ] --END-- [ RunTime:0.000637s ]

[ 2018-05-17T10:03:07+08:00 ] ::1 /express/index.php/Admin/Position/positionAdd
INFO: [ app_begin ] --START--
INFO: Run Behavior\ReadHtmlCacheBehavior [ RunTime:0.000406s ]
INFO: [ app_begin ] --END-- [ RunTime:0.000705s ]
SQL: SHOW COLUMNS FROM `ep_position` [ RunTime:0.0006s ]
NOTIC: [8] Undefined index: validate /Applications/MAMP/htdocs/express/ThinkPHP/Library/Think/Model.class.php 第 1185 行.
NOTIC: [8] Undefined index: auto /Applications/MAMP/htdocs/express/ThinkPHP/Library/Think/Model.class.php 第 1128 行.
SQL: INSERT INTO `ep_position` (`name`,`info`) VALUES ('123','123') [ RunTime:0.0002s ]
SQL: SELECT * FROM `ep_position` WHERE ( id='3' ) LIMIT 1   [ RunTime:0.0003s ]
INFO: [ app_end ] --START--
INFO: Run Behavior\ShowPageTraceBehavior [ RunTime:0.000584s ]
INFO: [ app_end ] --END-- [ RunTime:0.000619s ]

[ 2018-05-17T10:07:45+08:00 ] ::1 /express/index.php/Admin/Index/login
INFO: [ app_begin ] --START--
INFO: Run Behavior\ReadHtmlCacheBehavior [ RunTime:0.000977s ]
INFO: [ app_begin ] --END-- [ RunTime:0.001457s ]
SQL: SHOW COLUMNS FROM `ep_admin` [ RunTime:0.0016s ]
SQL: SELECT * FROM `ep_admin` WHERE ( name='admin' AND password='123' ) LIMIT 1   [ RunTime:0.0015s ]
INFO: [ app_end ] --START--
INFO: Run Behavior\ShowPageTraceBehavior [ RunTime:0.001063s ]
INFO: [ app_end ] --END-- [ RunTime:0.001172s ]

[ 2018-05-17T10:09:19+08:00 ] ::1 /express/index.php/Admin/Listposition/positionDetele
INFO: [ app_begin ] --START--
INFO: Run Behavior\ReadHtmlCacheBehavior [ RunTime:0.000372s ]
INFO: [ app_begin ] --END-- [ RunTime:0.000635s ]
SQL: SHOW COLUMNS FROM `ep_position` [ RunTime:0.0004s ]
SQL: DELETE FROM `ep_position` WHERE ( id='1' ) [ RunTime:0.0003s ]
INFO: [ app_end ] --START--
INFO: Run Behavior\ShowPageTraceBehavior [ RunTime:0.000551s ]
INFO: [ app_end ] --END-- [ RunTime:0.000581s ]

[ 2018-05-17T10:09:42+08:00 ] ::1 /express/index.php/Admin/Listposition/positionDetele
INFO: [ app_begin ] --START--
INFO: Run Behavior\ReadHtmlCacheBehavior [ RunTime:0.000362s ]
INFO: [ app_begin ] --END-- [ RunTime:0.000620s ]
SQL: SHOW COLUMNS FROM `ep_position` [ RunTime:0.0004s ]
SQL: DELETE FROM `ep_position` WHERE ( id='2' ) [ RunTime:0.0002s ]
INFO: [ app_end ] --START--
INFO: Run Behavior\ShowPageTraceBehavior [ RunTime:0.000588s ]
INFO: [ app_end ] --END-- [ RunTime:0.000624s ]

[ 2018-05-17T10:10:55+08:00 ] ::1 /express/index.php/Admin/Person/personAdd
INFO: [ app_begin ] --START--
INFO: Run Behavior\ReadHtmlCacheBehavior [ RunTime:0.000732s ]
INFO: [ app_begin ] --END-- [ RunTime:0.001314s ]
SQL: SHOW COLUMNS FROM `ep_user` [ RunTime:0.0007s ]
NOTIC: [8] Undefined index: validate /Applications/MAMP/htdocs/express/ThinkPHP/Library/Think/Model.class.php 第 1185 行.
NOTIC: [8] Undefined index: auto /Applications/MAMP/htdocs/express/ThinkPHP/Library/Think/Model.class.php 第 1128 行.
SQL: INSERT INTO `ep_user` (`name`,`sex`,`position`,`username`,`password`,`phone`) VALUES ('123','男','123','user','123','123') [ RunTime:0.0011s ]
SQL: SELECT * FROM `ep_user` WHERE ( id='2' ) LIMIT 1   [ RunTime:0.0003s ]
INFO: [ app_end ] --START--
INFO: Run Behavior\ShowPageTraceBehavior [ RunTime:0.000629s ]
INFO: [ app_end ] --END-- [ RunTime:0.000675s ]

[ 2018-05-17T10:11:26+08:00 ] ::1 /express/index.php/Admin/Car/carAdd
INFO: [ app_begin ] --START--
INFO: Run Behavior\ReadHtmlCacheBehavior [ RunTime:0.000412s ]
INFO: [ app_begin ] --END-- [ RunTime:0.000707s ]
SQL: SHOW COLUMNS FROM `ep_car` [ RunTime:0.0093s ]
NOTIC: [8] Undefined index: validate /Applications/MAMP/htdocs/express/ThinkPHP/Library/Think/Model.class.php 第 1185 行.
NOTIC: [8] Undefined index: auto /Applications/MAMP/htdocs/express/ThinkPHP/Library/Think/Model.class.php 第 1128 行.
SQL: INSERT INTO `ep_car` (`carnumber`,`caruser`,`create_at`) VALUES ('2313','123','2018-05-17 10:11:26') [ RunTime:0.0004s ]
SQL: SELECT * FROM `ep_car` WHERE ( id='1' ) LIMIT 1   [ RunTime:0.0004s ]
INFO: [ app_end ] --START--
INFO: Run Behavior\ShowPageTraceBehavior [ RunTime:0.000866s ]
INFO: [ app_end ] --END-- [ RunTime:0.000922s ]

[ 2018-05-17T10:11:57+08:00 ] ::1 /express/index.php/Admin/Car/carAdd
INFO: [ app_begin ] --START--
INFO: Run Behavior\ReadHtmlCacheBehavior [ RunTime:0.000694s ]
INFO: [ app_begin ] --END-- [ RunTime:0.001177s ]
SQL: SHOW COLUMNS FROM `ep_car` [ RunTime:0.0005s ]
NOTIC: [8] Undefined index: validate /Applications/MAMP/htdocs/express/ThinkPHP/Library/Think/Model.class.php 第 1185 行.
NOTIC: [8] Undefined index: auto /Applications/MAMP/htdocs/express/ThinkPHP/Library/Think/Model.class.php 第 1128 行.
SQL: INSERT INTO `ep_car` (`carnumber`,`caruser`,`create_at`) VALUES ('2213','123','2018-05-17 10:11:57') [ RunTime:0.0003s ]
SQL: SELECT * FROM `ep_car` WHERE ( id='2' ) LIMIT 1   [ RunTime:0.0002s ]
INFO: [ app_end ] --START--
INFO: Run Behavior\ShowPageTraceBehavior [ RunTime:0.000552s ]
INFO: [ app_end ] --END-- [ RunTime:0.000589s ]

[ 2018-05-17T10:11:59+08:00 ] ::1 /express/index.php/Admin/Car/carAdd
INFO: [ app_begin ] --START--
INFO: Run Behavior\ReadHtmlCacheBehavior [ RunTime:0.000368s ]
INFO: [ app_begin ] --END-- [ RunTime:0.000631s ]
SQL: SHOW COLUMNS FROM `ep_car` [ RunTime:0.0005s ]
NOTIC: [8] Undefined index: validate /Applications/MAMP/htdocs/express/ThinkPHP/Library/Think/Model.class.php 第 1185 行.
NOTIC: [8] Undefined index: auto /Applications/MAMP/htdocs/express/ThinkPHP/Library/Think/Model.class.php 第 1128 行.
SQL: INSERT INTO `ep_car` (`carnumber`,`caruser`,`create_at`) VALUES ('2213','123','2018-05-17 10:11:59') [ RunTime:0.0002s ]
SQL: SELECT * FROM `ep_car` WHERE ( id='3' ) LIMIT 1   [ RunTime:0.0003s ]
INFO: [ app_end ] --START--
INFO: Run Behavior\ShowPageTraceBehavior [ RunTime:0.000598s ]
INFO: [ app_end ] --END-- [ RunTime:0.000635s ]

[ 2018-05-17T10:12:48+08:00 ] ::1 /express/index.php/Admin/Car/carAdd
INFO: [ app_begin ] --START--
INFO: Run Behavior\ReadHtmlCacheBehavior [ RunTime:0.000365s ]
INFO: [ app_begin ] --END-- [ RunTime:0.000622s ]
SQL: SHOW COLUMNS FROM `ep_car` [ RunTime:0.0004s ]
NOTIC: [8] Undefined index: validate /Applications/MAMP/htdocs/express/ThinkPHP/Library/Think/Model.class.php 第 1185 行.
NOTIC: [8] Undefined index: auto /Applications/MAMP/htdocs/express/ThinkPHP/Library/Think/Model.class.php 第 1128 行.
SQL: INSERT INTO `ep_car` (`carnumber`,`caruser`,`create_at`) VALUES ('123123','123','2018-05-17 10:12:48') [ RunTime:0.0002s ]
SQL: SELECT * FROM `ep_car` WHERE ( id='4' ) LIMIT 1   [ RunTime:0.0002s ]
INFO: [ app_end ] --START--
INFO: Run Behavior\ShowPageTraceBehavior [ RunTime:0.000590s ]
INFO: [ app_end ] --END-- [ RunTime:0.000625s ]

[ 2018-05-17T10:13:58+08:00 ] ::1 /express/index.php/Admin/Editcar/carEdit
INFO: [ app_begin ] --START--
INFO: Run Behavior\ReadHtmlCacheBehavior [ RunTime:0.000389s ]
INFO: [ app_begin ] --END-- [ RunTime:0.000681s ]
SQL: SHOW COLUMNS FROM `ep_car` [ RunTime:0.0005s ]
SQL: UPDATE `ep_car` SET `carnumber`='车辆1',`caruser`='123' WHERE `id` = 1 [ RunTime:0.0003s ]
INFO: [ app_end ] --START--
INFO: Run Behavior\ShowPageTraceBehavior [ RunTime:0.000515s ]
INFO: [ app_end ] --END-- [ RunTime:0.000545s ]

[ 2018-05-17T10:14:11+08:00 ] ::1 /express/index.php/Admin/Search/search
INFO: [ app_begin ] --START--
INFO: Run Behavior\ReadHtmlCacheBehavior [ RunTime:0.000372s ]
INFO: [ app_begin ] --END-- [ RunTime:0.000642s ]
SQL: SHOW COLUMNS FROM `ep_express` [ RunTime:0.0005s ]
SQL: SELECT * FROM `ep_express` WHERE (  number = '123'  )  [ RunTime:0.0002s ]
NOTIC: [8] Undefined offset: 0 /Applications/MAMP/htdocs/express/Application/Admin/Controller/SearchController.class.php 第 28 行.
INFO: [ app_end ] --START--
INFO: Run Behavior\ShowPageTraceBehavior [ RunTime:0.000501s ]
INFO: [ app_end ] --END-- [ RunTime:0.000530s ]

[ 2018-05-17T10:14:12+08:00 ] ::1 /express/index.php/Admin/Search/search
INFO: [ app_begin ] --START--
INFO: Run Behavior\ReadHtmlCacheBehavior [ RunTime:0.000435s ]
INFO: [ app_begin ] --END-- [ RunTime:0.000745s ]
SQL: SHOW COLUMNS FROM `ep_express` [ RunTime:0.0006s ]
SQL: SELECT * FROM `ep_express` WHERE (  number = '123'  )  [ RunTime:0.0002s ]
NOTIC: [8] Undefined offset: 0 /Applications/MAMP/htdocs/express/Application/Admin/Controller/SearchController.class.php 第 28 行.
INFO: [ app_end ] --START--
INFO: Run Behavior\ShowPageTraceBehavior [ RunTime:0.000519s ]
INFO: [ app_end ] --END-- [ RunTime:0.000548s ]

[ 2018-05-17T10:21:04+08:00 ] ::1 /express/index.php/Admin/Position/positionAdd
INFO: [ app_begin ] --START--
INFO: Run Behavior\ReadHtmlCacheBehavior [ RunTime:0.000434s ]
INFO: [ app_begin ] --END-- [ RunTime:0.000739s ]
SQL: SHOW COLUMNS FROM `ep_position` [ RunTime:0.0004s ]
NOTIC: [8] Undefined index: validate /Applications/MAMP/htdocs/express/ThinkPHP/Library/Think/Model.class.php 第 1185 行.
NOTIC: [8] Undefined index: auto /Applications/MAMP/htdocs/express/ThinkPHP/Library/Think/Model.class.php 第 1128 行.
SQL: INSERT INTO `ep_position` (`name`,`info`) VALUES ('12312','123123') [ RunTime:0.0002s ]
SQL: SELECT * FROM `ep_position` WHERE ( id='4' ) LIMIT 1   [ RunTime:0.0002s ]
INFO: [ app_end ] --START--
INFO: Run Behavior\ShowPageTraceBehavior [ RunTime:0.000525s ]
INFO: [ app_end ] --END-- [ RunTime:0.000557s ]

[ 2018-05-17T10:21:21+08:00 ] ::1 /express/index.php/Admin/Position/positionAdd
INFO: [ app_begin ] --START--
INFO: Run Behavior\ReadHtmlCacheBehavior [ RunTime:0.000659s ]
INFO: [ app_begin ] --END-- [ RunTime:0.001140s ]
SQL: SHOW COLUMNS FROM `ep_position` [ RunTime:0.0004s ]
NOTIC: [8] Undefined index: validate /Applications/MAMP/htdocs/express/ThinkPHP/Library/Think/Model.class.php 第 1185 行.
NOTIC: [8] Undefined index: auto /Applications/MAMP/htdocs/express/ThinkPHP/Library/Think/Model.class.php 第 1128 行.
SQL: INSERT INTO `ep_position` (`name`,`info`) VALUES ('1231','123123') [ RunTime:0.0002s ]
SQL: SELECT * FROM `ep_position` WHERE ( id='5' ) LIMIT 1   [ RunTime:0.0003s ]
INFO: [ app_end ] --START--
INFO: Run Behavior\ShowPageTraceBehavior [ RunTime:0.000563s ]
INFO: [ app_end ] --END-- [ RunTime:0.000596s ]

[ 2018-05-17T10:21:45+08:00 ] ::1 /express/index.php/Admin/Index/login
INFO: [ app_begin ] --START--
INFO: Run Behavior\ReadHtmlCacheBehavior [ RunTime:0.000767s ]
INFO: [ app_begin ] --END-- [ RunTime:0.001198s ]
SQL: SHOW COLUMNS FROM `ep_admin` [ RunTime:0.0019s ]
SQL: SELECT * FROM `ep_admin` WHERE ( name='admin' AND password='123' ) LIMIT 1   [ RunTime:0.0006s ]
INFO: [ app_end ] --START--
INFO: Run Behavior\ShowPageTraceBehavior [ RunTime:0.000641s ]
INFO: [ app_end ] --END-- [ RunTime:0.000693s ]

[ 2018-05-17T10:22:02+08:00 ] ::1 /express/index.php/Admin/Position/positionAdd
INFO: [ app_begin ] --START--
INFO: Run Behavior\ReadHtmlCacheBehavior [ RunTime:0.000365s ]
INFO: [ app_begin ] --END-- [ RunTime:0.000632s ]
SQL: SHOW COLUMNS FROM `ep_position` [ RunTime:0.0004s ]
NOTIC: [8] Undefined index: validate /Applications/MAMP/htdocs/express/ThinkPHP/Library/Think/Model.class.php 第 1185 行.
NOTIC: [8] Undefined index: auto /Applications/MAMP/htdocs/express/ThinkPHP/Library/Think/Model.class.php 第 1128 行.
SQL: INSERT INTO `ep_position` (`name`,`info`) VALUES ('213','123123') [ RunTime:0.0002s ]
SQL: SELECT * FROM `ep_position` WHERE ( id='6' ) LIMIT 1   [ RunTime:0.0003s ]
INFO: [ app_end ] --START--
INFO: Run Behavior\ShowPageTraceBehavior [ RunTime:0.000534s ]
INFO: [ app_end ] --END-- [ RunTime:0.000568s ]

[ 2018-05-17T10:28:28+08:00 ] ::1 /express/index.php/Admin/Position/positionAdd
INFO: [ app_begin ] --START--
INFO: Run Behavior\ReadHtmlCacheBehavior [ RunTime:0.000665s ]
INFO: [ app_begin ] --END-- [ RunTime:0.001143s ]
SQL: SHOW COLUMNS FROM `ep_position` [ RunTime:0.0004s ]
NOTIC: [8] Undefined index: validate /Applications/MAMP/htdocs/express/ThinkPHP/Library/Think/Model.class.php 第 1185 行.
NOTIC: [8] Undefined index: auto /Applications/MAMP/htdocs/express/ThinkPHP/Library/Think/Model.class.php 第 1128 行.
SQL: INSERT INTO `ep_position` (`name`,`info`) VALUES ('123','12312') [ RunTime:0.0002s ]
SQL: SELECT * FROM `ep_position` WHERE ( id='7' ) LIMIT 1   [ RunTime:0.0003s ]
INFO: [ app_end ] --START--
INFO: Run Behavior\ShowPageTraceBehavior [ RunTime:0.000570s ]
INFO: [ app_end ] --END-- [ RunTime:0.000605s ]

[ 2018-05-17T10:29:31+08:00 ] ::1 /express/index.php/Admin/Position/positionAdd
INFO: [ app_begin ] --START--
INFO: Run Behavior\ReadHtmlCacheBehavior [ RunTime:0.000369s ]
INFO: [ app_begin ] --END-- [ RunTime:0.000643s ]
SQL: SHOW COLUMNS FROM `ep_position` [ RunTime:0.0004s ]
NOTIC: [8] Undefined index: validate /Applications/MAMP/htdocs/express/ThinkPHP/Library/Think/Model.class.php 第 1185 行.
NOTIC: [8] Undefined index: auto /Applications/MAMP/htdocs/express/ThinkPHP/Library/Think/Model.class.php 第 1128 行.
SQL: INSERT INTO `ep_position` (`name`,`info`) VALUES ('1232313','12312') [ RunTime:0.0002s ]
SQL: SELECT * FROM `ep_position` WHERE ( id='8' ) LIMIT 1   [ RunTime:0.0002s ]
INFO: [ app_end ] --START--
INFO: Run Behavior\ShowPageTraceBehavior [ RunTime:0.000528s ]
INFO: [ app_end ] --END-- [ RunTime:0.000561s ]

[ 2018-05-17T10:30:01+08:00 ] ::1 /express/index.php/Admin/Index/login
INFO: [ app_begin ] --START--
INFO: Run Behavior\ReadHtmlCacheBehavior [ RunTime:0.000720s ]
INFO: [ app_begin ] --END-- [ RunTime:0.001462s ]
SQL: SHOW COLUMNS FROM `ep_admin` [ RunTime:0.0009s ]
SQL: SELECT * FROM `ep_admin` WHERE ( name='admin' AND password='123' ) LIMIT 1   [ RunTime:0.0003s ]
INFO: [ app_end ] --START--
INFO: Run Behavior\ShowPageTraceBehavior [ RunTime:0.001075s ]
INFO: [ app_end ] --END-- [ RunTime:0.001132s ]

[ 2018-05-17T10:30:05+08:00 ] ::1 /express/index.php/Admin/Position/positionAdd
INFO: [ app_begin ] --START--
INFO: Run Behavior\ReadHtmlCacheBehavior [ RunTime:0.000469s ]
INFO: [ app_begin ] --END-- [ RunTime:0.000780s ]
SQL: SHOW COLUMNS FROM `ep_position` [ RunTime:0.0004s ]
NOTIC: [8] Undefined index: validate /Applications/MAMP/htdocs/express/ThinkPHP/Library/Think/Model.class.php 第 1185 行.
NOTIC: [8] Undefined index: auto /Applications/MAMP/htdocs/express/ThinkPHP/Library/Think/Model.class.php 第 1128 行.
SQL: INSERT INTO `ep_position` (`name`,`info`) VALUES ('123','123123') [ RunTime:0.0003s ]
SQL: SELECT * FROM `ep_position` WHERE ( id='9' ) LIMIT 1   [ RunTime:0.0004s ]
INFO: [ app_end ] --START--
INFO: Run Behavior\ShowPageTraceBehavior [ RunTime:0.000545s ]
INFO: [ app_end ] --END-- [ RunTime:0.000582s ]

[ 2018-05-17T10:31:58+08:00 ] ::1 /express/index.php/Admin/Position/positionAdd
INFO: [ app_begin ] --START--
INFO: Run Behavior\ReadHtmlCacheBehavior [ RunTime:0.000375s ]
INFO: [ app_begin ] --END-- [ RunTime:0.000644s ]
SQL: SHOW COLUMNS FROM `ep_position` [ RunTime:0.0004s ]
NOTIC: [8] Undefined index: validate /Applications/MAMP/htdocs/express/ThinkPHP/Library/Think/Model.class.php 第 1185 行.
NOTIC: [8] Undefined index: auto /Applications/MAMP/htdocs/express/ThinkPHP/Library/Think/Model.class.php 第 1128 行.
SQL: INSERT INTO `ep_position` (`name`,`info`) VALUES ('123234','123123') [ RunTime:0.0002s ]
SQL: SELECT * FROM `ep_position` WHERE ( id='10' ) LIMIT 1   [ RunTime:0.0003s ]
INFO: [ app_end ] --START--
INFO: Run Behavior\ShowPageTraceBehavior [ RunTime:0.000595s ]
INFO: [ app_end ] --END-- [ RunTime:0.000632s ]

[ 2018-05-17T10:32:07+08:00 ] ::1 /express/index.php/Admin/Listposition/positionDetele
INFO: [ app_begin ] --START--
INFO: Run Behavior\ReadHtmlCacheBehavior [ RunTime:0.000606s ]
INFO: [ app_begin ] --END-- [ RunTime:0.001028s ]
SQL: SHOW COLUMNS FROM `ep_position` [ RunTime:0.0005s ]
SQL: DELETE FROM `ep_position` WHERE ( id='4' ) [ RunTime:0.0002s ]
INFO: [ app_end ] --START--
INFO: Run Behavior\ShowPageTraceBehavior [ RunTime:0.000750s ]
INFO: [ app_end ] --END-- [ RunTime:0.000823s ]

[ 2018-05-17T10:32:12+08:00 ] ::1 /express/index.php/Admin/Listposition/positionDetele
INFO: [ app_begin ] --START--
INFO: Run Behavior\ReadHtmlCacheBehavior [ RunTime:0.000406s ]
INFO: [ app_begin ] --END-- [ RunTime:0.000716s ]
SQL: SHOW COLUMNS FROM `ep_position` [ RunTime:0.0004s ]
SQL: DELETE FROM `ep_position` WHERE ( id='3' ) [ RunTime:0.0002s ]
INFO: [ app_end ] --START--
INFO: Run Behavior\ShowPageTraceBehavior [ RunTime:0.000592s ]
INFO: [ app_end ] --END-- [ RunTime:0.000626s ]

[ 2018-05-17T10:35:10+08:00 ] ::1 /express/index.php/Admin/Notice/noticeAdd
INFO: [ app_begin ] --START--
INFO: Run Behavior\ReadHtmlCacheBehavior [ RunTime:0.000433s ]
INFO: [ app_begin ] --END-- [ RunTime:0.000740s ]
SQL: SHOW COLUMNS FROM `ep_notice` [ RunTime:0.0006s ]
NOTIC: [8] Undefined index: validate /Applications/MAMP/htdocs/express/ThinkPHP/Library/Think/Model.class.php 第 1185 行.
NOTIC: [8] Undefined index: auto /Applications/MAMP/htdocs/express/ThinkPHP/Library/Think/Model.class.php 第 1128 行.
SQL: INSERT INTO `ep_notice` (`title`,`notice`,`author`,`create_at`,`update_at`) VALUES ('123','21313','admin','2018-05-17 10:35:10','2018-05-17 10:35:10') [ RunTime:0.0003s ]
SQL: SELECT * FROM `ep_notice` WHERE ( id='1' ) LIMIT 1   [ RunTime:0.0003s ]
INFO: [ app_end ] --START--
INFO: Run Behavior\ShowPageTraceBehavior [ RunTime:0.000608s ]
INFO: [ app_end ] --END-- [ RunTime:0.000645s ]

[ 2018-05-17T10:35:19+08:00 ] ::1 /express/index.php/Admin/Listperson/personDetele
INFO: [ app_begin ] --START--
INFO: Run Behavior\ReadHtmlCacheBehavior [ RunTime:0.000378s ]
INFO: [ app_begin ] --END-- [ RunTime:0.000656s ]
SQL: SHOW COLUMNS FROM `ep_user` [ RunTime:0.0004s ]
SQL: DELETE FROM `ep_user` WHERE ( id='2' ) [ RunTime:0.0002s ]
INFO: [ app_end ] --START--
INFO: Run Behavior\ShowPageTraceBehavior [ RunTime:0.000544s ]
INFO: [ app_end ] --END-- [ RunTime:0.000578s ]

